<?xml version="1.0" encoding="UTF-8"?>
<!-- Generated by org.testng.reporters.JUnitXMLReporter -->
<testsuite ignored="0" hostname="NaveenaBC" failures="0" tests="6" name="Test" time="0.113" errors="0" timestamp="2023-01-11T11:50:41 IST">
  <testcase classname="com.actitime.com.DemoTestng" name="tastDemo" time="0.016"/>
  <testcase classname="com.actitime.com.CreateCustomer" name="createCustomer" time="0.004"/>
  <testcase classname="com.actitime.com.CreateCustomer" name="createCustomer" time="0.004"/>
  <testcase classname="com.actitime.com.CreateCustomer" name="createCustomer" time="0.005"/>
  <testcase classname="com.actitime.com.CreateCustomer" name="deleteCustomer" time="0.003"/>
  <testcase classname="com.actitime.com.CreateCustomer" name="modifyCustomer" time="0.007"/>
</testsuite> <!-- Test -->
